C:\USERS\AARON\DOCUMENTS\VISUAL STUDIO 2012\PROJECTS\AANT BOT DL FIXED\A BOT\RELEASE\MSPACKETS.OBJ
C:\USERS\AARON\DOCUMENTS\VISUAL STUDIO 2012\PROJECTS\AANT BOT DL FIXED\A BOT\RELEASE\MAIN.OBJ
C:\USERS\AARON\DOCUMENTS\VISUAL STUDIO 2012\PROJECTS\AANT BOT DL FIXED\A BOT\RELEASE\FUNCTIONS.OBJ
C:\USERS\AARON\DOCUMENTS\VISUAL STUDIO 2012\PROJECTS\AANT BOT DL FIXED\A BOT\RELEASE\EVEN HANDLER.OBJ
C:\USERS\AARON\DOCUMENTS\VISUAL STUDIO 2012\PROJECTS\AANT BOT DL FIXED\A BOT\RELEASE\AOBSCAN.OBJ
C:\USERS\AARON\DOCUMENTS\VISUAL STUDIO 2012\PROJECTS\AANT BOT DL FIXED\A BOT\RELEASE\VC110.PDB
C:\USERS\AARON\DOCUMENTS\VISUAL STUDIO 2012\PROJECTS\AANT BOT DL FIXED\RELEASE\A BOT.DLL
C:\USERS\AARON\DOCUMENTS\VISUAL STUDIO 2012\PROJECTS\AANT BOT DL FIXED\RELEASE\A BOT.PDB
C:\USERS\AARON\DOCUMENTS\VISUAL STUDIO 2012\PROJECTS\AANT BOT DL FIXED\A BOT\RELEASE\A BOT.RES
C:\Users\Aaron\Documents\Visual Studio 2012\Projects\Aant bot DL Fixed\A Bot\Release\aobscan.obj
C:\Users\Aaron\Documents\Visual Studio 2012\Projects\Aant bot DL Fixed\A Bot\Release\Even Handler.obj
C:\Users\Aaron\Documents\Visual Studio 2012\Projects\Aant bot DL Fixed\A Bot\Release\Functions.obj
C:\Users\Aaron\Documents\Visual Studio 2012\Projects\Aant bot DL Fixed\A Bot\Release\Main.obj
C:\Users\Aaron\Documents\Visual Studio 2012\Projects\Aant bot DL Fixed\A Bot\Release\mspackets.obj
C:\Users\Aaron\Documents\Visual Studio 2012\Projects\Aant bot DL Fixed\A Bot\Release\cl.command.1.tlog
C:\Users\Aaron\Documents\Visual Studio 2012\Projects\Aant bot DL Fixed\A Bot\Release\CL.read.1.tlog
C:\Users\Aaron\Documents\Visual Studio 2012\Projects\Aant bot DL Fixed\A Bot\Release\CL.write.1.tlog
C:\Users\Aaron\Documents\Visual Studio 2012\Projects\Aant bot DL Fixed\A Bot\Release\link-cvtres.read.1.tlog
C:\Users\Aaron\Documents\Visual Studio 2012\Projects\Aant bot DL Fixed\A Bot\Release\link-cvtres.write.1.tlog
C:\Users\Aaron\Documents\Visual Studio 2012\Projects\Aant bot DL Fixed\A Bot\Release\link-rc.read.1.tlog
C:\Users\Aaron\Documents\Visual Studio 2012\Projects\Aant bot DL Fixed\A Bot\Release\link-rc.write.1.tlog
C:\Users\Aaron\Documents\Visual Studio 2012\Projects\Aant bot DL Fixed\A Bot\Release\link.command.1.tlog
C:\Users\Aaron\Documents\Visual Studio 2012\Projects\Aant bot DL Fixed\A Bot\Release\link.read.1.tlog
C:\Users\Aaron\Documents\Visual Studio 2012\Projects\Aant bot DL Fixed\A Bot\Release\link.write.1.tlog
C:\Users\Aaron\Documents\Visual Studio 2012\Projects\Aant bot DL Fixed\A Bot\Release\rc.command.1.tlog
C:\Users\Aaron\Documents\Visual Studio 2012\Projects\Aant bot DL Fixed\A Bot\Release\rc.read.1.tlog
C:\Users\Aaron\Documents\Visual Studio 2012\Projects\Aant bot DL Fixed\A Bot\Release\rc.write.1.tlog
C:\Users\Aaron\Documents\Visual Studio 2012\Projects\Aant bot DL Fixed\A Bot\Release\A Bot.res
C:\Users\Aaron\Documents\Visual Studio 2012\Projects\Aant bot DL Fixed\A Bot\Release\vc110.pdb
C:\Users\Aaron\Documents\Visual Studio 2012\Projects\Aant bot DL Fixed\Release\A Bot.pdb
C:\Users\Aaron\Documents\Visual Studio 2012\Projects\Aant bot DL Fixed\Release\A Bot.dll
